CRITICAL - 2026-04-18 03:35:27 --> CodeIgniter\Filters\Exceptions\FilterException: "throttle" filter must have a matching alias defined.
[Method: GET, Route: health]
in SYSTEMPATH/Filters/Filters.php on line 590.
 1 SYSTEMPATH/Filters/Filters.php(590): CodeIgniter\Filters\Exceptions\FilterException::forNoAlias()
 2 SYSTEMPATH/Filters/Filters.php(641): CodeIgniter\Filters\Filters->enableFilter()
 3 SYSTEMPATH/CodeIgniter.php(453): CodeIgniter\Filters\Filters->enableFilters()
 4 SYSTEMPATH/CodeIgniter.php(340): CodeIgniter\CodeIgniter->handleRequest()
 5 SYSTEMPATH/Boot.php(417): CodeIgniter\CodeIgniter->run()
 6 SYSTEMPATH/Boot.php(68): CodeIgniter\Boot::runCodeIgniter()
 7 FCPATH/index.php(59): CodeIgniter\Boot::bootWeb()
 8 SYSTEMPATH/rewrite.php(44): require_once('/workspace/public/index.php')
CRITICAL - 2026-04-18 03:35:31 --> CodeIgniter\Filters\Exceptions\FilterException: "throttle" filter must have a matching alias defined.
[Method: GET, Route: health]
in SYSTEMPATH/Filters/Filters.php on line 590.
 1 SYSTEMPATH/Filters/Filters.php(590): CodeIgniter\Filters\Exceptions\FilterException::forNoAlias()
 2 SYSTEMPATH/Filters/Filters.php(641): CodeIgniter\Filters\Filters->enableFilter()
 3 SYSTEMPATH/CodeIgniter.php(453): CodeIgniter\Filters\Filters->enableFilters()
 4 SYSTEMPATH/CodeIgniter.php(340): CodeIgniter\CodeIgniter->handleRequest()
 5 SYSTEMPATH/Boot.php(417): CodeIgniter\CodeIgniter->run()
 6 SYSTEMPATH/Boot.php(68): CodeIgniter\Boot::runCodeIgniter()
 7 FCPATH/index.php(59): CodeIgniter\Boot::bootWeb()
 8 SYSTEMPATH/rewrite.php(44): require_once('/workspace/public/index.php')
CRITICAL - 2026-04-18 03:41:52 --> Error: Class "Locale" not found
[Method: GET, Route: /]
in SYSTEMPATH/CodeIgniter.php on line 189.
 1 SYSTEMPATH/Boot.php(404): CodeIgniter\CodeIgniter->initialize()
 2 SYSTEMPATH/Boot.php(163): CodeIgniter\Boot::initializeCodeIgniter()
 3 ROOTPATH/spark(87): CodeIgniter\Boot::bootSpark()
CRITICAL - 2026-04-18 03:41:52 --> ErrorException: Uncaught Error: Class "Locale" not found in /workspace/vendor/codeigniter4/framework/system/I18n/TimeTrait.php:75
Stack trace:
#0 /workspace/vendor/codeigniter4/framework/system/I18n/TimeTrait.php(116): CodeIgniter\I18n\Time->__construct()
#1 /workspace/vendor/codeigniter4/framework/system/HTTP/ResponseTrait.php(394): CodeIgniter\I18n\Time::now()
#2 /workspace/vendor/codeigniter4/framework/system/HTTP/ResponseTrait.php(372): CodeIgniter\HTTP\Response->sendHeaders()
#3 /workspace/vendor/codeigniter4/framework/system/Debug/ExceptionHandler.php(95): CodeIgniter\HTTP\Response->send()
#4 /workspace/vendor/codeigniter4/framework/system/Debug/Exceptions.php(151): CodeIgniter\Debug\ExceptionHandler->handle()
#5 [internal function]: CodeIgniter\Debug\Exceptions->exceptionHandler()
#6 {main}
  thrown
【Previous Exception】
Error
Class "Locale" not found
#0 /workspace/vendor/codeigniter4/framework/system/Boot.php(404): CodeIgniter\CodeIgniter->initialize()
#1 /workspace/vendor/codeigniter4/framework/system/Boot.php(163): CodeIgniter\Boot::initializeCodeIgniter()
#2 /workspace/spark(87): CodeIgniter\Boot::bootSpark()
#3 {main}
[Method: GET, Route: /]
in SYSTEMPATH/I18n/TimeTrait.php on line 75.
 1 [internal function]: CodeIgniter\Debug\Exceptions->shutdownHandler()
CRITICAL - 2026-04-18 03:42:20 --> CodeIgniter\Filters\Exceptions\FilterException: "throttle" filter must have a matching alias defined.
[Method: GET, Route: health]
in SYSTEMPATH/Filters/Filters.php on line 590.
 1 SYSTEMPATH/Filters/Filters.php(590): CodeIgniter\Filters\Exceptions\FilterException::forNoAlias()
 2 SYSTEMPATH/Filters/Filters.php(641): CodeIgniter\Filters\Filters->enableFilter()
 3 SYSTEMPATH/CodeIgniter.php(453): CodeIgniter\Filters\Filters->enableFilters()
 4 SYSTEMPATH/CodeIgniter.php(340): CodeIgniter\CodeIgniter->handleRequest()
 5 SYSTEMPATH/Boot.php(417): CodeIgniter\CodeIgniter->run()
 6 SYSTEMPATH/Boot.php(68): CodeIgniter\Boot::runCodeIgniter()
 7 FCPATH/index.php(59): CodeIgniter\Boot::bootWeb()
 8 SYSTEMPATH/rewrite.php(44): require_once('/workspace/public/index.php')
CRITICAL - 2026-04-18 03:42:23 --> CodeIgniter\Filters\Exceptions\FilterException: "throttle" filter must have a matching alias defined.
[Method: GET, Route: health]
in SYSTEMPATH/Filters/Filters.php on line 590.
 1 SYSTEMPATH/Filters/Filters.php(590): CodeIgniter\Filters\Exceptions\FilterException::forNoAlias()
 2 SYSTEMPATH/Filters/Filters.php(641): CodeIgniter\Filters\Filters->enableFilter()
 3 SYSTEMPATH/CodeIgniter.php(453): CodeIgniter\Filters\Filters->enableFilters()
 4 SYSTEMPATH/CodeIgniter.php(340): CodeIgniter\CodeIgniter->handleRequest()
 5 SYSTEMPATH/Boot.php(417): CodeIgniter\CodeIgniter->run()
 6 SYSTEMPATH/Boot.php(68): CodeIgniter\Boot::runCodeIgniter()
 7 FCPATH/index.php(59): CodeIgniter\Boot::bootWeb()
 8 SYSTEMPATH/rewrite.php(44): require_once('/workspace/public/index.php')
CRITICAL - 2026-04-18 03:42:27 --> CodeIgniter\Filters\Exceptions\FilterException: "throttle" filter must have a matching alias defined.
[Method: GET, Route: health]
in SYSTEMPATH/Filters/Filters.php on line 590.
 1 SYSTEMPATH/Filters/Filters.php(590): CodeIgniter\Filters\Exceptions\FilterException::forNoAlias()
 2 SYSTEMPATH/Filters/Filters.php(641): CodeIgniter\Filters\Filters->enableFilter()
 3 SYSTEMPATH/CodeIgniter.php(453): CodeIgniter\Filters\Filters->enableFilters()
 4 SYSTEMPATH/CodeIgniter.php(340): CodeIgniter\CodeIgniter->handleRequest()
 5 SYSTEMPATH/Boot.php(417): CodeIgniter\CodeIgniter->run()
 6 SYSTEMPATH/Boot.php(68): CodeIgniter\Boot::runCodeIgniter()
 7 FCPATH/index.php(59): CodeIgniter\Boot::bootWeb()
 8 SYSTEMPATH/rewrite.php(44): require_once('/workspace/public/index.php')
CRITICAL - 2026-04-18 04:02:41 --> Error: Class "Locale" not found
[Method: GET, Route: /]
in SYSTEMPATH/CodeIgniter.php on line 189.
 1 SYSTEMPATH/Boot.php(404): CodeIgniter\CodeIgniter->initialize()
 2 SYSTEMPATH/Boot.php(163): CodeIgniter\Boot::initializeCodeIgniter()
 3 ROOTPATH/spark(87): CodeIgniter\Boot::bootSpark()
CRITICAL - 2026-04-18 04:02:41 --> ErrorException: Uncaught Error: Class "Locale" not found in /workspace/vendor/codeigniter4/framework/system/I18n/TimeTrait.php:75
Stack trace:
#0 /workspace/vendor/codeigniter4/framework/system/I18n/TimeTrait.php(116): CodeIgniter\I18n\Time->__construct()
#1 /workspace/vendor/codeigniter4/framework/system/HTTP/ResponseTrait.php(394): CodeIgniter\I18n\Time::now()
#2 /workspace/vendor/codeigniter4/framework/system/HTTP/ResponseTrait.php(372): CodeIgniter\HTTP\Response->sendHeaders()
#3 /workspace/vendor/codeigniter4/framework/system/Debug/ExceptionHandler.php(95): CodeIgniter\HTTP\Response->send()
#4 /workspace/vendor/codeigniter4/framework/system/Debug/Exceptions.php(151): CodeIgniter\Debug\ExceptionHandler->handle()
#5 [internal function]: CodeIgniter\Debug\Exceptions->exceptionHandler()
#6 {main}
  thrown
【Previous Exception】
Error
Class "Locale" not found
#0 /workspace/vendor/codeigniter4/framework/system/Boot.php(404): CodeIgniter\CodeIgniter->initialize()
#1 /workspace/vendor/codeigniter4/framework/system/Boot.php(163): CodeIgniter\Boot::initializeCodeIgniter()
#2 /workspace/spark(87): CodeIgniter\Boot::bootSpark()
#3 {main}
[Method: GET, Route: /]
in SYSTEMPATH/I18n/TimeTrait.php on line 75.
 1 [internal function]: CodeIgniter\Debug\Exceptions->shutdownHandler()
